0001_0032_0032_0064_0064.jpg 1 32 32 64 64
0002_0020_0020_0049_0049.jpg 1 20 20 49 49
0003_0050_0012_0036_0036.jpg 1 50 12 36 36
0004_0045_0053_0029_0029.jpg 1 45 53 29 29
0005_0015_0004_0069_0069.jpg 1 15 4 69 69
0006_0026_0012_0058_0058.jpg 1 26 12 58 58
0007_0026_0010_0056_0056.jpg 1 26 10 56 56
0008_0034_0008_0049_0049.jpg 1 34 8 49 49
0009_0024_0036_0056_0056.jpg 1 24 36 56 56
0010_0033_0026_0051_0051.jpg 1 33 26 51 51
0011_0027_0012_0052_0052.jpg 1 27 12 52 52
0012_0012_0035_0033_0033.jpg 1 12 35 33 33
0013_0016_0044_0034_0034.jpg 1 16 44 34 34
0014_0036_0030_0053_0053.jpg 1 36 30 53 53
0015_0019_0044_0037_0037.jpg 1 19 44 37 37
0016_0061_0010_0028_0028.jpg 1 61 10 28 28
0017_0035_0038_0033_0033.jpg 1 35 38 33 33
0018_0030_0008_0047_0047.jpg 1 30 8 47 47
0019_0059_0017_0026_0026.jpg 1 59 17 26 26
0020_0014_0042_0046_0046.jpg 1 14 42 46 46
0021_0015_0014_0030_0030.jpg 1 15 14 30 30
0022_0018_0027_0055_0055.jpg 1 18 27 55 55
0023_0034_0016_0027_0027.jpg 1 34 16 27 27
0024_0028_0008_0059_0059.jpg 1 28 8 59 59
0025_0024_0029_0049_0049.jpg 1 24 29 49 49
0026_0022_0011_0039_0039.jpg 1 22 11 39 39
0027_0010_0039_0055_0055.jpg 1 10 39 55 55
0028_0009_0038_0052_0052.jpg 1 9 38 52 52
0029_0015_0010_0068_0068.jpg 1 15 10 68 68
0030_0015_0027_0041_0041.jpg 1 15 27 41 41
0031_0025_0036_0046_0046.jpg 1 25 36 46 46
0032_0018_0060_0025_0025.jpg 1 18 60 25 25
0033_0018_0043_0041_0041.jpg 1 18 43 41 41
0034_0005_0028_0060_0060.jpg 1 5 28 60 60
0035_0041_0054_0037_0037.jpg 1 41 54 37 37
0036_0007_0032_0049_0049.jpg 1 7 32 49 49
0037_0036_0026_0035_0035.jpg 1 36 26 35 35
0038_0010_0050_0037_0037.jpg 1 10 50 37 37
0039_0047_0028_0039_0039.jpg 1 47 28 39 39
0040_0024_0031_0034_0034.jpg 1 24 31 34 34
0041_0026_0022_0036_0036.jpg 1 26 22 36 36
0042_0020_0008_0064_0064.jpg 1 20 8 64 64
0043_0026_0017_0050_0050.jpg 1 26 17 50 50
0044_0029_0034_0030_0030.jpg 1 29 34 30 30
0045_0034_0056_0036_0036.jpg 1 34 56 36 36
0046_0025_0025_0060_0060.jpg 1 25 25 60 60
0047_0008_0008_0047_0047.jpg 1 8 8 47 47
0048_0043_0035_0050_0050.jpg 1 43 35 50 50
0049_0046_0033_0039_0039.jpg 1 46 33 39 39
0050_0017_0018_0067_0067.jpg 1 17 18 67 67
0051_0023_0031_0038_0038.jpg 1 23 31 38 38
0052_0054_0029_0036_0036.jpg 1 54 29 36 36
0053_0048_0051_0030_0030.jpg 1 48 51 30 30
0054_0033_0027_0042_0042.jpg 1 33 27 42 42
0055_0012_0019_0061_0061.jpg 1 12 19 61 61
0056_0022_0047_0032_0032.jpg 1 22 47 32 32
0057_0022_0040_0040_0040.jpg 1 22 40 40 40
0058_0016_0054_0030_0030.jpg 1 16 54 30 30
0059_0052_0013_0026_0026.jpg 1 52 13 26 26
0060_0024_0012_0057_0057.jpg 1 24 12 57 57
0061_0041_0021_0053_0053.jpg 1 41 21 53 53
0062_0036_0029_0035_0035.jpg 1 36 29 35 35
0063_0019_0036_0044_0044.jpg 1 19 36 44 44
0064_0013_0016_0055_0055.jpg 1 13 16 55 55
0065_0033_0022_0061_0061.jpg 1 33 22 61 61
0066_0014_0028_0042_0042.jpg 1 14 28 42 42
0067_0012_0028_0051_0051.jpg 1 12 28 51 51
0068_0028_0053_0036_0036.jpg 1 28 53 36 36
0069_0046_0060_0032_0032.jpg 1 46 60 32 32
0070_0012_0036_0036_0036.jpg 1 12 36 36 36
0071_0059_0025_0028_0028.jpg 1 59 25 28 28
0072_0021_0031_0052_0052.jpg 1 21 31 52 52
0073_0062_0044_0030_0030.jpg 1 62 44 30 30
0074_0014_0015_0027_0027.jpg 1 14 15 27 27
0075_0063_0013_0027_0027.jpg 1 63 13 27 27
0076_0041_0049_0033_0033.jpg 1 41 49 33 33
0077_0008_0017_0066_0066.jpg 1 8 17 66 66
0078_0009_0021_0051_0051.jpg 1 9 21 51 51
0079_0018_0017_0069_0069.jpg 1 18 17 69 69
0080_0005_0017_0058_0058.jpg 1 5 17 58 58
0081_0021_0004_0069_0069.jpg 1 21 4 69 69
0082_0025_0043_0039_0039.jpg 1 25 43 39 39
0083_0029_0030_0065_0065.jpg 1 29 30 65 65
0084_0011_0026_0033_0033.jpg 1 11 26 33 33
0085_0056_0022_0028_0028.jpg 1 56 22 28 28
0086_0010_0014_0047_0047.jpg 1 10 14 47 47
0087_0009_0028_0051_0051.jpg 1 9 28 51 51
0088_0015_0022_0040_0040.jpg 1 15 22 40 40
0089_0024_0025_0053_0053.jpg 1 24 25 53 53
0090_0067_0034_0024_0024.jpg 1 67 34 24 24
0091_0027_0019_0057_0057.jpg 1 27 19 57 57
0092_0017_0059_0033_0033.jpg 1 17 59 33 33
0093_0023_0008_0040_0040.jpg 1 23 8 40 40
0094_0013_0016_0063_0063.jpg 1 13 16 63 63
0095_0009_0047_0047_0047.jpg 1 9 47 47 47
0096_0040_0013_0050_0050.jpg 1 40 13 50 50
0097_0053_0039_0027_0027.jpg 1 53 39 27 27
0098_0050_0017_0027_0027.jpg 1 50 17 27 27
0099_0046_0061_0026_0026.jpg 1 46 61 26 26
0100_0012_0026_0032_0032.jpg 1 12 26 32 32
0101_0022_0017_0065_0065.jpg 1 22 17 65 65
0102_0014_0033_0044_0044.jpg 1 14 33 44 44
0103_0007_0011_0047_0047.jpg 1 7 11 47 47
0104_0014_0014_0054_0054.jpg 1 14 14 54 54
